<?xml version="1.0" encoding="UTF-8"?>
<!-- Generated by org.testng.reporters.JUnitXMLReporter -->
<testsuite ignored="0" hostname="LAPTOP-7RS9FQA9" failures="3" tests="5" name="BankingApp Test" time="34.413" errors="0" timestamp="09 Jan 2022 05:04:53 GMT">
  <testcase classname="com.inetBanking.testcases.TC_LoginDDT_002" name="loginDDT" time="6.99"/>
  <testcase classname="com.inetBanking.testcases.TC_LoginDDT_002" name="loginDDT" time="6.336">
    <failure type="java.lang.AssertionError" message="expected [true] but found [false]">
      <![CDATA[java.lang.AssertionError: expected [true] but found [false]
at com.inetBanking.testcases.TC_LoginDDT_002.loginDDT(TC_LoginDDT_002.java:32)
... Removed 29 stack frames]]>
    </failure>
  </testcase> <!-- loginDDT -->
  <testcase classname="com.inetBanking.testcases.TC_LoginDDT_002" name="loginDDT" time="5.803">
    <failure type="java.lang.AssertionError" message="expected [true] but found [false]">
      <![CDATA[java.lang.AssertionError: expected [true] but found [false]
at com.inetBanking.testcases.TC_LoginDDT_002.loginDDT(TC_LoginDDT_002.java:32)
... Removed 29 stack frames]]>
    </failure>
  </testcase> <!-- loginDDT -->
  <testcase classname="com.inetBanking.testcases.TC_LoginDDT_002" name="loginDDT" time="8.008"/>
  <testcase classname="com.inetBanking.testcases.TC_LoginDDT_002" name="loginDDT" time="0.017">
    <failure type="java.lang.IllegalArgumentException" message="Keys to send should be a not null CharSequence">
      <![CDATA[java.lang.IllegalArgumentException: Keys to send should be a not null CharSequence
at org.openqa.selenium.remote.RemoteWebElement.sendKeys(RemoteWebElement.java:97)
at org.openqa.selenium.support.pagefactory.internal.LocatingElementHandler.invoke(LocatingElementHandler.java:51)
at com.sun.proxy.$Proxy15.sendKeys(Unknown Source)
at com.inetBanking.pageObjects.LoginPage.setUserName(LoginPage.java:31)
at com.inetBanking.testcases.TC_LoginDDT_002.loginDDT(TC_LoginDDT_002.java:19)
... Removed 29 stack frames]]>
    </failure>
  </testcase> <!-- loginDDT -->
</testsuite> <!-- BankingApp Test -->
